{"D:\\COMP1640-client\\src\\pages\\ErrorPage.jsx": {"path":"D:\\COMP1640-client\\src\\pages\\ErrorPage.jsx","statementMap":{"0":{"start":{"line":4,"column":2},"end":{"line":6,"column":3}}},"fnMap":{"0":{"name":"ErrorPage","decl":{"start":{"line":3,"column":9},"end":{"line":3,"column":18}},"loc":{"start":{"line":3,"column":21},"end":{"line":7,"column":1}},"line":3}},"branchMap":{},"s":{"0":0},"f":{"0":0},"b":{}}
,"D:\\COMP1640-client\\src\\pages\\Login.jsx": {"path":"D:\\COMP1640-client\\src\\pages\\Login.jsx","statementMap":{"0":{"start":{"line":2,"column":2},"end":{"line":4,"column":3}}},"fnMap":{"0":{"name":"Login","decl":{"start":{"line":1,"column":9},"end":{"line":1,"column":14}},"loc":{"start":{"line":1,"column":17},"end":{"line":5,"column":1}},"line":1}},"branchMap":{},"s":{"0":0},"f":{"0":0},"b":{}}
,"D:\\COMP1640-client\\src\\pages\\admin\\AdminHome.jsx": {"path":"D:\\COMP1640-client\\src\\pages\\admin\\AdminHome.jsx","statementMap":{"0":{"start":{"line":3,"column":2},"end":{"line":5,"column":3}}},"fnMap":{"0":{"name":"AdminHome","decl":{"start":{"line":2,"column":9},"end":{"line":2,"column":18}},"loc":{"start":{"line":2,"column":21},"end":{"line":6,"column":1}},"line":2}},"branchMap":{},"s":{"0":0},"f":{"0":0},"b":{}}
,"D:\\COMP1640-client\\src\\pages\\admin\\semester\\CreateSemester.jsx": {"path":"D:\\COMP1640-client\\src\\pages\\admin\\semester\\CreateSemester.jsx","statementMap":{"0":{"start":{"line":5,"column":17},"end":{"line":5,"column":21}},"1":{"start":{"line":6,"column":24},"end":{"line":6,"column":34}},"2":{"start":{"line":7,"column":24},"end":{"line":7,"column":34}},"3":{"start":{"line":10,"column":17},"end":{"line":10,"column":31}},"4":{"start":{"line":11,"column":42},"end":{"line":15,"column":4}},"5":{"start":{"line":16,"column":19},"end":{"line":16,"column":32}},"6":{"start":{"line":17,"column":20},"end":{"line":19,"column":3}},"7":{"start":{"line":18,"column":4},"end":{"line":18,"column":30}},"8":{"start":{"line":20,"column":17},"end":{"line":22,"column":3}},"9":{"start":{"line":21,"column":4},"end":{"line":21,"column":23}},"10":{"start":{"line":23,"column":21},"end":{"line":25,"column":3}},"11":{"start":{"line":24,"column":4},"end":{"line":24,"column":32}},"12":{"start":{"line":26,"column":2},"end":{"line":69,"column":4}},"13":{"start":{"line":53,"column":14},"end":{"line":53,"column":72}}},"fnMap":{"0":{"name":"CreateSemester","decl":{"start":{"line":9,"column":9},"end":{"line":9,"column":23}},"loc":{"start":{"line":9,"column":26},"end":{"line":70,"column":1}},"line":9},"1":{"name":"(anonymous_1)","decl":{"start":{"line":17,"column":20},"end":{"line":17,"column":21}},"loc":{"start":{"line":17,"column":26},"end":{"line":19,"column":3}},"line":17},"2":{"name":"(anonymous_2)","decl":{"start":{"line":20,"column":17},"end":{"line":20,"column":18}},"loc":{"start":{"line":20,"column":23},"end":{"line":22,"column":3}},"line":20},"3":{"name":"(anonymous_3)","decl":{"start":{"line":23,"column":21},"end":{"line":23,"column":22}},"loc":{"start":{"line":23,"column":27},"end":{"line":25,"column":3}},"line":23},"4":{"name":"(anonymous_4)","decl":{"start":{"line":52,"column":22},"end":{"line":52,"column":23}},"loc":{"start":{"line":53,"column":14},"end":{"line":53,"column":72}},"line":53}},"branchMap":{},"s":{"0":0,"1":0,"2":0,"3":0,"4":0,"5":0,"6":0,"7":0,"8":0,"9":0,"10":0,"11":0,"12":0,"13":0},"f":{"0":0,"1":0,"2":0,"3":0,"4":0},"b":{}}
,"D:\\COMP1640-client\\src\\pages\\admin\\semester\\DetailSemester.jsx": {"path":"D:\\COMP1640-client\\src\\pages\\admin\\semester\\DetailSemester.jsx","statementMap":{"0":{"start":{"line":2,"column":2},"end":{"line":4,"column":3}}},"fnMap":{"0":{"name":"DetailSemester","decl":{"start":{"line":1,"column":9},"end":{"line":1,"column":23}},"loc":{"start":{"line":1,"column":26},"end":{"line":5,"column":1}},"line":1}},"branchMap":{},"s":{"0":0},"f":{"0":0},"b":{}}
,"D:\\COMP1640-client\\src\\pages\\admin\\semester\\ReadSemester.jsx": {"path":"D:\\COMP1640-client\\src\\pages\\admin\\semester\\ReadSemester.jsx","statementMap":{"0":{"start":{"line":6,"column":18},"end":{"line":6,"column":28}},"1":{"start":{"line":9,"column":19},"end":{"line":9,"column":32}},"2":{"start":{"line":10,"column":2},"end":{"line":49,"column":4}},"3":{"start":{"line":24,"column":8},"end":{"line":24,"column":27}},"4":{"start":{"line":41,"column":18},"end":{"line":41,"column":41}}},"fnMap":{"0":{"name":"ReadSemester","decl":{"start":{"line":8,"column":9},"end":{"line":8,"column":21}},"loc":{"start":{"line":8,"column":24},"end":{"line":50,"column":1}},"line":8},"1":{"name":"(anonymous_1)","decl":{"start":{"line":23,"column":23},"end":{"line":23,"column":24}},"loc":{"start":{"line":23,"column":29},"end":{"line":25,"column":7}},"line":23},"2":{"name":"(anonymous_2)","decl":{"start":{"line":40,"column":39},"end":{"line":40,"column":40}},"loc":{"start":{"line":40,"column":45},"end":{"line":42,"column":17}},"line":40}},"branchMap":{},"s":{"0":1,"1":1,"2":1,"3":1,"4":0},"f":{"0":1,"1":1,"2":0},"b":{},"_coverageSchema":"1a1c01bbd47fc00a2c39e90264f33305004495a9","hash":"e236deb587e68596f09082497ec885ddf0ce3708"}
,"D:\\COMP1640-client\\src\\pages\\admin\\user\\ReadUser.jsx": {"path":"D:\\COMP1640-client\\src\\pages\\admin\\user\\ReadUser.jsx","statementMap":{"0":{"start":{"line":2,"column":2},"end":{"line":4,"column":3}}},"fnMap":{"0":{"name":"ReadUser","decl":{"start":{"line":1,"column":9},"end":{"line":1,"column":17}},"loc":{"start":{"line":1,"column":20},"end":{"line":5,"column":1}},"line":1}},"branchMap":{},"s":{"0":0},"f":{"0":0},"b":{}}
,"D:\\COMP1640-client\\src\\pages\\home\\Home.jsx": {"path":"D:\\COMP1640-client\\src\\pages\\home\\Home.jsx","statementMap":{"0":{"start":{"line":5,"column":2},"end":{"line":7,"column":3}}},"fnMap":{"0":{"name":"Home","decl":{"start":{"line":4,"column":9},"end":{"line":4,"column":13}},"loc":{"start":{"line":4,"column":16},"end":{"line":8,"column":1}},"line":4}},"branchMap":{},"s":{"0":0},"f":{"0":0},"b":{}}
}
