TN:
SF:src\pages\ErrorPage.jsx
FN:3,ErrorPage
FNF:1
FNH:0
FNDA:0,ErrorPage
DA:4,0
LF:1
LH:0
BRF:0
BRH:0
end_of_record
TN:
SF:src\pages\Login.jsx
FN:1,Login
FNF:1
FNH:0
FNDA:0,Login
DA:2,0
LF:1
LH:0
BRF:0
BRH:0
end_of_record
TN:
SF:src\pages\admin\AdminHome.jsx
FN:2,AdminHome
FNF:1
FNH:0
FNDA:0,AdminHome
DA:3,0
LF:1
LH:0
BRF:0
BRH:0
end_of_record
TN:
SF:src\pages\admin\semester\CreateSemester.jsx
FN:9,CreateSemester
FN:17,(anonymous_1)
FN:20,(anonymous_2)
FN:23,(anonymous_3)
FN:52,(anonymous_4)
FNF:5
FNH:0
FNDA:0,CreateSemester
FNDA:0,(anonymous_1)
FNDA:0,(anonymous_2)
FNDA:0,(anonymous_3)
FNDA:0,(anonymous_4)
DA:5,0
DA:6,0
DA:7,0
DA:10,0
DA:11,0
DA:16,0
DA:17,0
DA:18,0
DA:20,0
DA:21,0
DA:23,0
DA:24,0
DA:26,0
DA:53,0
LF:14
LH:0
BRF:0
BRH:0
end_of_record
TN:
SF:src\pages\admin\semester\DetailSemester.jsx
FN:1,DetailSemester
FNF:1
FNH:0
FNDA:0,DetailSemester
DA:2,0
LF:1
LH:0
BRF:0
BRH:0
end_of_record
TN:
SF:src\pages\admin\semester\ReadSemester.jsx
FN:8,ReadSemester
FN:23,(anonymous_1)
FN:40,(anonymous_2)
FNF:3
FNH:2
FNDA:1,ReadSemester
FNDA:1,(anonymous_1)
FNDA:0,(anonymous_2)
DA:6,1
DA:9,1
DA:10,1
DA:24,1
DA:41,0
LF:5
LH:4
BRF:0
BRH:0
end_of_record
TN:
SF:src\pages\admin\user\ReadUser.jsx
FN:1,ReadUser
FNF:1
FNH:0
FNDA:0,ReadUser
DA:2,0
LF:1
LH:0
BRF:0
BRH:0
end_of_record
TN:
SF:src\pages\home\Home.jsx
FN:4,Home
FNF:1
FNH:0
FNDA:0,Home
DA:5,0
LF:1
LH:0
BRF:0
BRH:0
end_of_record
